<?xml version="1.0" encoding="UTF-8"?>
<!-- Generated by org.testng.reporters.JUnitReportReporter -->
<testsuite hostname="LAPTOP-35B7MCU5" failures="0" tests="3" name="com.qa.hotspots.tests.HomePageTest" time="1.628" errors="0" timestamp="2021-12-03T04:27:01 GMT" skipped="0">
  <testcase classname="com.qa.hotspots.tests.HomePageTest" name="veriyHomePageHeader" time="1.357"/>
  <system-out/>
  <testcase classname="com.qa.hotspots.tests.HomePageTest" name="verifyLoggedInUserTest" time="0.221"/>
  <system-out/>
  <testcase classname="com.qa.hotspots.tests.HomePageTest" name="verifyHomePageTile" time="0.050"/>
  <system-out/>
</testsuite> <!-- com.qa.hotspots.tests.HomePageTest -->
