<?xml version="1.0" encoding="UTF-8"?>
<!-- Generated by org.testng.reporters.JUnitReportReporter -->
<testsuite hostname="LAPTOP-35B7MCU5" failures="0" tests="3" name="com.qa.hotspots.tests.HomePageTest" time="17.533" errors="0" timestamp="2021-12-08T15:37:30 GMT" skipped="0">
  <testcase classname="com.qa.hotspots.tests.HomePageTest" name="veriyHomePageHeader" time="17.364"/>
  <system-out/>
  <testcase classname="com.qa.hotspots.tests.HomePageTest" name="verifyLoggedInUserTest" time="0.138"/>
  <system-out/>
  <testcase classname="com.qa.hotspots.tests.HomePageTest" name="verifyHomePageTile" time="0.031"/>
  <system-out/>
</testsuite> <!-- com.qa.hotspots.tests.HomePageTest -->
