<?xml version="1.0" encoding="UTF-8"?>
<!-- Generated by org.testng.reporters.JUnitReportReporter -->
<testsuite hostname="LAPTOP-35B7MCU5" failures="0" tests="3" name="com.qa.hotspots.tests.LoginPageTest" time="0.415" errors="0" timestamp="2021-12-08T00:10:27 GMT" skipped="0">
  <testcase classname="com.qa.hotspots.tests.LoginPageTest" name="verifySignUpLinkTest" time="0.062"/>
  <system-out/>
  <testcase classname="com.qa.hotspots.tests.LoginPageTest" name="verifyLoginPageTitleTest" time="0.030"/>
  <system-out/>
  <testcase classname="com.qa.hotspots.tests.LoginPageTest" name="loginTest" time="0.323"/>
  <system-out/>
</testsuite> <!-- com.qa.hotspots.tests.LoginPageTest -->
